2020-01-17 15:18:34.272  INFO 11780 --- [restartedMain] com.AppStarts                            : Starting AppStarts on DESKTOP-N79AM78 with PID 11780 (F:\kangning\working\yiyuan\app\admin\target\classes started by sun18 in F:\kangning\working\yiyuan\app)
2020-01-17 15:18:34.273  INFO 11780 --- [restartedMain] com.AppStarts                            : The following profiles are active: pro
2020-01-17 15:18:34.332  INFO 11780 --- [restartedMain] ConfigServletWebServerApplicationContext : Refreshing org.springframework.boot.web.servlet.context.AnnotationConfigServletWebServerApplicationContext@e31e3bd: startup date [Fri Jan 17 15:18:34 CST 2020]; root of context hierarchy
2020-01-17 15:18:37.162  WARN 11780 --- [restartedMain] o.m.s.mapper.ClassPathMapperScanner      : No MyBatis mapper was found in '[com.kangning.mapper]' package. Please check your configuration.
2020-01-17 15:18:37.828  WARN 11780 --- [restartedMain] o.m.s.mapper.ClassPathMapperScanner      : No MyBatis mapper was found in '[com]' package. Please check your configuration.
2020-01-17 15:18:38.187  INFO 11780 --- [restartedMain] trationDelegate$BeanPostProcessorChecker : Bean 'shiroConfig' of type [com.kangning.config.ShiroConfig$$EnhancerBySpringCGLIB$$7d3cde17] is not eligible for getting processed by all BeanPostProcessors (for example: not eligible for auto-proxying)
2020-01-17 15:18:38.318  INFO 11780 --- [restartedMain] trationDelegate$BeanPostProcessorChecker : Bean 'myRealm' of type [com.kangning.shiro.MyRealm] is not eligible for getting processed by all BeanPostProcessors (for example: not eligible for auto-proxying)
2020-01-17 15:18:38.349  INFO 11780 --- [restartedMain] trationDelegate$BeanPostProcessorChecker : Bean 'sessionManager' of type [org.apache.shiro.web.session.mgt.DefaultWebSessionManager] is not eligible for getting processed by all BeanPostProcessors (for example: not eligible for auto-proxying)
2020-01-17 15:18:38.817  INFO 11780 --- [restartedMain] trationDelegate$BeanPostProcessorChecker : Bean 'securityManager' of type [org.apache.shiro.web.mgt.DefaultWebSecurityManager] is not eligible for getting processed by all BeanPostProcessors (for example: not eligible for auto-proxying)
2020-01-17 15:18:38.874  INFO 11780 --- [restartedMain] trationDelegate$BeanPostProcessorChecker : Bean 'authorizationAttributeSourceAdvisor' of type [org.apache.shiro.spring.security.interceptor.AuthorizationAttributeSourceAdvisor] is not eligible for getting processed by all BeanPostProcessors (for example: not eligible for auto-proxying)
2020-01-17 15:18:38.912  INFO 11780 --- [restartedMain] trationDelegate$BeanPostProcessorChecker : Bean 'org.springframework.transaction.annotation.ProxyTransactionManagementConfiguration' of type [org.springframework.transaction.annotation.ProxyTransactionManagementConfiguration$$EnhancerBySpringCGLIB$$809e912d] is not eligible for getting processed by all BeanPostProcessors (for example: not eligible for auto-proxying)
2020-01-17 15:18:39.528  INFO 11780 --- [restartedMain] o.s.b.w.embedded.tomcat.TomcatWebServer  : Tomcat initialized with port(s): 2005 (http)
2020-01-17 15:18:39.551  INFO 11780 --- [restartedMain] o.apache.catalina.core.StandardService   : Starting service [Tomcat]
2020-01-17 15:18:39.551  INFO 11780 --- [restartedMain] org.apache.catalina.core.StandardEngine  : Starting Servlet Engine: Apache Tomcat/8.5.34
2020-01-17 15:18:39.557  INFO 11780 --- [localhost-startStop-1] o.a.catalina.core.AprLifecycleListener   : Loaded APR based Apache Tomcat Native library [1.2.16] using APR version [1.6.3].
2020-01-17 15:18:39.557  INFO 11780 --- [localhost-startStop-1] o.a.catalina.core.AprLifecycleListener   : APR capabilities: IPv6 [true], sendfile [true], accept filters [false], random [true].
2020-01-17 15:18:39.557  INFO 11780 --- [localhost-startStop-1] o.a.catalina.core.AprLifecycleListener   : APR/OpenSSL configuration: useAprConnector [false], useOpenSSL [true]
2020-01-17 15:18:40.654  INFO 11780 --- [localhost-startStop-1] o.a.catalina.core.AprLifecycleListener   : OpenSSL successfully initialized [OpenSSL 1.0.2m  2 Nov 2017]
2020-01-17 15:18:40.769  INFO 11780 --- [localhost-startStop-1] o.a.c.c.C.[Tomcat].[localhost].[/]       : Initializing Spring embedded WebApplicationContext
2020-01-17 15:18:41.028  INFO 11780 --- [localhost-startStop-1] o.s.b.w.servlet.ServletRegistrationBean  : Servlet dispatcherServlet mapped to [/]
2020-01-17 15:18:41.029  INFO 11780 --- [localhost-startStop-1] o.s.b.w.servlet.ServletRegistrationBean  : Servlet statViewServlet mapped to [/druid/*]
2020-01-17 15:18:41.034  INFO 11780 --- [localhost-startStop-1] o.s.b.w.servlet.FilterRegistrationBean   : Mapping filter: 'characterEncodingFilter' to: [/*]
2020-01-17 15:18:41.034  INFO 11780 --- [localhost-startStop-1] o.s.b.w.servlet.FilterRegistrationBean   : Mapping filter: 'webStatFilter' to urls: [/*]
2020-01-17 15:18:41.034  INFO 11780 --- [localhost-startStop-1] o.s.b.w.servlet.FilterRegistrationBean   : Mapping filter: 'originFilter' to: [/*]
2020-01-17 15:18:41.034  INFO 11780 --- [localhost-startStop-1] o.s.b.w.servlet.FilterRegistrationBean   : Mapping filter: 'shiroFilter' to: [/*]
2020-01-17 15:18:41.997  INFO 11780 --- [restartedMain] pertySourcedRequestMappingHandlerMapping : Mapped URL path [/v2/api-docs] onto method [public org.springframework.http.ResponseEntity<springfox.documentation.spring.web.json.Json> springfox.documentation.swagger2.web.Swagger2Controller.getDocumentation(java.lang.String,javax.servlet.http.HttpServletRequest)]
2020-01-17 15:18:42.496  INFO 11780 --- [restartedMain] c.a.d.s.b.a.DruidDataSourceAutoConfigure : Init DruidDataSource
2020-01-17 15:18:42.590  INFO 11780 --- [restartedMain] com.alibaba.druid.pool.DruidDataSource   : {dataSource-1} inited
2020-01-17 15:18:43.586  INFO 11780 --- [restartedMain] o.s.b.d.a.OptionalLiveReloadServer       : LiveReload server is running on port 35729
2020-01-17 15:18:43.636  INFO 11780 --- [restartedMain] o.s.c.support.DefaultLifecycleProcessor  : Starting beans in phase 2147483647
2020-01-17 15:18:43.636  INFO 11780 --- [restartedMain] d.s.w.p.DocumentationPluginsBootstrapper : Context refreshed
2020-01-17 15:18:43.654  INFO 11780 --- [restartedMain] d.s.w.p.DocumentationPluginsBootstrapper : Found 1 custom documentation plugin(s)
2020-01-17 15:18:43.699  INFO 11780 --- [restartedMain] s.d.s.w.s.ApiListingReferenceScanner     : Scanning for api listing references
2020-01-17 15:18:43.759  INFO 11780 --- [restartedMain] o.s.b.w.embedded.tomcat.TomcatWebServer  : Tomcat started on port(s): 2005 (http) with context path ''
2020-01-17 15:18:43.765  INFO 11780 --- [restartedMain] com.AppStarts                            : Started AppStarts in 10.096 seconds (JVM running for 12.232)
